<?xml version="1.0" encoding="UTF-8"?>
<!-- Generated by org.testng.reporters.JUnitXMLReporter -->
<testsuite ignored="0" hostname="DESKTOP-FJU17SP" failures="0" tests="4" name="Test" time="50.336" errors="0" timestamp="2022-09-09T06:35:49 IST">
  <testcase classname="tests.T01" name="loginToBuzzily" time="29.916"/>
  <testcase classname="tests.T01" name="loadCountryMaster" time="7.079"/>
  <testcase classname="tests.T01" name="refreshReport" time="1.768"/>
  <testcase classname="tests.T01" name="newRecord" time="4.464"/>
</testsuite> <!-- Test -->
